<<<<<<< HEAD
﻿  main.c
C:\LFO\PROG_ProjetC_BZI_HMT_LFO\PROG-PROJ2025-BZI-LFO-HMT\PROG_ProjetC_BZI_HMT_LFO\main.c(450,9): warning C4033: 'afficherTableauDansFichier' doit retourner une valeur
C:\LFO\PROG_ProjetC_BZI_HMT_LFO\PROG-PROJ2025-BZI-LFO-HMT\PROG_ProjetC_BZI_HMT_LFO\main.c(511,9): warning C4101: 'k' : variable locale non référencée
C:\LFO\PROG_ProjetC_BZI_HMT_LFO\PROG-PROJ2025-BZI-LFO-HMT\PROG_ProjetC_BZI_HMT_LFO\main.c(424): warning C4716: 'supprimerNote' : doit retourner une valeur
C:\LFO\PROG_ProjetC_BZI_HMT_LFO\PROG-PROJ2025-BZI-LFO-HMT\PROG_ProjetC_BZI_HMT_LFO\main.c(396): warning C4716: 'modifierNote' : doit retourner une valeur
C:\LFO\PROG_ProjetC_BZI_HMT_LFO\PROG-PROJ2025-BZI-LFO-HMT\PROG_ProjetC_BZI_HMT_LFO\main.c(364): warning C4716: 'ajouterNote' : doit retourner une valeur
C:\LFO\PROG_ProjetC_BZI_HMT_LFO\PROG-PROJ2025-BZI-LFO-HMT\PROG_ProjetC_BZI_HMT_LFO\main.c(506): warning C4716: 'afficherTableauDansFichier' : doit retourner une valeur
C:\LFO\PROG_ProjetC_BZI_HMT_LFO\PROG-PROJ2025-BZI-LFO-HMT\PROG_ProjetC_BZI_HMT_LFO\main.c(298): warning C4715: 'initialiserSysteme' : les chemins de contrôle ne retournent pas tous une valeur
  PROG_ProjetC_BZI_HMT_LFO.vcxproj -> C:\LFO\PROG_ProjetC_BZI_HMT_LFO\PROG-PROJ2025-BZI-LFO-HMT\PROG_ProjetC_BZI_HMT_LFO\x64\Debug\PROG_ProjetC_BZI_HMT_LFO.exe
=======
﻿  GestionAffichage.c
C:\B_Z dossier\Prog\Projet2025\PROG_ProjetC_BZI_HMT_LFO\GestionAffichage.c(5,10): fatal error C1083: Impossible d'ouvrir le fichier include : 'Header.h' : No such file or directory
  main.c
C:\B_Z dossier\Prog\Projet2025\PROG_ProjetC_BZI_HMT_LFO\main.c(146,5): error C2061: erreur de syntaxe : identificateur 'TbAlloc'
C:\B_Z dossier\Prog\Projet2025\PROG_ProjetC_BZI_HMT_LFO\main.c(148,1): error C2059: erreur de syntaxe : '}'
C:\B_Z dossier\Prog\Projet2025\PROG_ProjetC_BZI_HMT_LFO\main.c(156,32): error C2143: erreur de syntaxe : absence de ')' avant '*'
C:\B_Z dossier\Prog\Projet2025\PROG_ProjetC_BZI_HMT_LFO\main.c(156,32): error C2143: erreur de syntaxe : absence de '{' avant '*'
C:\B_Z dossier\Prog\Projet2025\PROG_ProjetC_BZI_HMT_LFO\main.c(156,35): error C2059: erreur de syntaxe : ')'
C:\B_Z dossier\Prog\Projet2025\PROG_ProjetC_BZI_HMT_LFO\main.c(156,37): error C2054: '(' attendu après 's'
C:\B_Z dossier\Prog\Projet2025\PROG_ProjetC_BZI_HMT_LFO\main.c(198,30): error C2143: erreur de syntaxe : absence de ')' avant '*'
C:\B_Z dossier\Prog\Projet2025\PROG_ProjetC_BZI_HMT_LFO\main.c(198,30): error C2143: erreur de syntaxe : absence de '{' avant '*'
C:\B_Z dossier\Prog\Projet2025\PROG_ProjetC_BZI_HMT_LFO\main.c(198,45): error C2059: erreur de syntaxe : 'type'
C:\B_Z dossier\Prog\Projet2025\PROG_ProjetC_BZI_HMT_LFO\main.c(198,57): error C2059: erreur de syntaxe : ')'
C:\B_Z dossier\Prog\Projet2025\PROG_ProjetC_BZI_HMT_LFO\main.c(210,23): error C2039: 'branches' n'est pas membre de 'Module'
C:\B_Z dossier\Prog\Projet2025\PROG_ProjetC_BZI_HMT_LFO\main.c(138): message : voir la déclaration de 'Module'
C:\B_Z dossier\Prog\Projet2025\PROG_ProjetC_BZI_HMT_LFO\main.c(210,13): error C2198: 'strcmp' : pas assez d'arguments pour un appel
C:\B_Z dossier\Prog\Projet2025\PROG_ProjetC_BZI_HMT_LFO\main.c(211,24): error C2039: 'branches' n'est pas membre de 'Module'
C:\B_Z dossier\Prog\Projet2025\PROG_ProjetC_BZI_HMT_LFO\main.c(138): message : voir la déclaration de 'Module'
C:\B_Z dossier\Prog\Projet2025\PROG_ProjetC_BZI_HMT_LFO\main.c(211,13): warning C4033: 'trouverBranche' doit retourner une valeur
C:\B_Z dossier\Prog\Projet2025\PROG_ProjetC_BZI_HMT_LFO\main.c(216,25): error C2143: erreur de syntaxe : absence de ')' avant '*'
C:\B_Z dossier\Prog\Projet2025\PROG_ProjetC_BZI_HMT_LFO\main.c(216,25): error C2143: erreur de syntaxe : absence de '{' avant '*'
C:\B_Z dossier\Prog\Projet2025\PROG_ProjetC_BZI_HMT_LFO\main.c(216,40): error C2059: erreur de syntaxe : 'type'
C:\B_Z dossier\Prog\Projet2025\PROG_ProjetC_BZI_HMT_LFO\main.c(216,113): error C2059: erreur de syntaxe : ')'
C:\B_Z dossier\Prog\Projet2025\PROG_ProjetC_BZI_HMT_LFO\main.c(257,26): error C2143: erreur de syntaxe : absence de ')' avant '*'
C:\B_Z dossier\Prog\Projet2025\PROG_ProjetC_BZI_HMT_LFO\main.c(257,26): error C2143: erreur de syntaxe : absence de '{' avant '*'
C:\B_Z dossier\Prog\Projet2025\PROG_ProjetC_BZI_HMT_LFO\main.c(257,41): error C2059: erreur de syntaxe : 'type'
C:\B_Z dossier\Prog\Projet2025\PROG_ProjetC_BZI_HMT_LFO\main.c(257,114): error C2059: erreur de syntaxe : ')'
C:\B_Z dossier\Prog\Projet2025\PROG_ProjetC_BZI_HMT_LFO\main.c(289,27): error C2143: erreur de syntaxe : absence de ')' avant '*'
C:\B_Z dossier\Prog\Projet2025\PROG_ProjetC_BZI_HMT_LFO\main.c(289,27): error C2143: erreur de syntaxe : absence de '{' avant '*'
C:\B_Z dossier\Prog\Projet2025\PROG_ProjetC_BZI_HMT_LFO\main.c(289,42): error C2059: erreur de syntaxe : 'type'
C:\B_Z dossier\Prog\Projet2025\PROG_ProjetC_BZI_HMT_LFO\main.c(289,101): error C2059: erreur de syntaxe : ')'
  Génération de code en cours...
>>>>>>> 1ade81f975350998c8359e95746a317b95f9be77
